<?xml version="1.0" encoding="UTF-8"?>
<!-- Generated by org.testng.reporters.JUnitXMLReporter -->
<testsuite ignored="0" hostname="NHI-PC" failures="0" tests="2" name="Run on Chrome" time="13.17" errors="0" timestamp="11 Dec 2021 02:21:14 GMT">
  <testcase classname="com.nopcommerce.user.Level_16_Pattern_Object" name="User_01_Register" time="5.585"/>
  <testcase classname="com.nopcommerce.user.Level_16_Pattern_Object" name="User_02_Dynamic_Locator" time="2.221"/>
</testsuite> <!-- Run on Chrome -->
