<?xml version="1.0" encoding="UTF-8"?>
<testng-results ignored="0" total="2" passed="2" failed="0" skipped="0">
  <reporter-output>
  </reporter-output>
  <suite started-at="2021-12-11T02:17:40Z" name="NopCommerce" finished-at="2021-12-11T02:17:53Z" duration-ms="12695">
    <groups>
    </groups>
    <test started-at="2021-12-11T02:17:40Z" name="Run on Chrome" finished-at="2021-12-11T02:17:53Z" duration-ms="12695">
      <class name="com.nopcommerce.user.Level_16_Pattern_Object">
        <test-method is-config="true" signature="deleteAllFilesInReportNGScreenshot()[pri:0, instance:com.nopcommerce.user.Level_16_Pattern_Object@453d496b]" started-at="2021-12-11T02:17:40Z" name="deleteAllFilesInReportNGScreenshot" finished-at="2021-12-11T02:17:40Z" duration-ms="26" status="PASS">
          <reporter-output>
          </reporter-output>
        </test-method> <!-- deleteAllFilesInReportNGScreenshot -->
        <test-method is-config="true" signature="beforeClass(java.lang.String, java.lang.String)[pri:0, instance:com.nopcommerce.user.Level_16_Pattern_Object@453d496b]" started-at="2021-12-11T02:17:40Z" name="beforeClass" finished-at="2021-12-11T02:17:45Z" duration-ms="4479" status="PASS">
          <params>
            <param index="0">
              <value>
                <![CDATA[chrome]]>
              </value>
            </param>
            <param index="1">
              <value>
                <![CDATA[https://demo.nopcommerce.com/]]>
              </value>
            </param>
          </params>
          <reporter-output>
          </reporter-output>
        </test-method> <!-- beforeClass -->
        <test-method signature="User_01_Register()[pri:0, instance:com.nopcommerce.user.Level_16_Pattern_Object@453d496b]" started-at="2021-12-11T02:17:45Z" name="User_01_Register" finished-at="2021-12-11T02:17:49Z" duration-ms="4356" status="PASS">
          <reporter-output>
          </reporter-output>
        </test-method> <!-- User_01_Register -->
        <test-method signature="User_02_Dynamic_Locator()[pri:0, instance:com.nopcommerce.user.Level_16_Pattern_Object@453d496b]" started-at="2021-12-11T02:17:49Z" name="User_02_Dynamic_Locator" finished-at="2021-12-11T02:17:52Z" duration-ms="2925" status="PASS">
          <reporter-output>
          </reporter-output>
        </test-method> <!-- User_02_Dynamic_Locator -->
        <test-method is-config="true" signature="afterClass()[pri:0, instance:com.nopcommerce.user.Level_16_Pattern_Object@453d496b]" started-at="2021-12-11T02:17:52Z" name="afterClass" finished-at="2021-12-11T02:17:53Z" duration-ms="786" status="PASS">
          <reporter-output>
          </reporter-output>
        </test-method> <!-- afterClass -->
      </class> <!-- com.nopcommerce.user.Level_16_Pattern_Object -->
    </test> <!-- Run on Chrome -->
  </suite> <!-- NopCommerce -->
</testng-results>
